<?xml version="1.0" encoding="UTF-8"?>
<testsuite xmlns:xsi="http://www.w3.org/2001/XMLSchema-instance" xsi:noNamespaceSchemaLocation="https://maven.apache.org/surefire/maven-surefire-plugin/xsd/surefire-test-report.xsd" name="TestSuite" time="21.234" tests="7" errors="0" skipped="0" failures="1">
  <properties>
[...]
</properties>
  <testcase name="clickUnclickCheckboxesTest" classname="pageobjectstests.CheckboxesPageTest" time="0.343"/>
  <testcase name="contextClickTest" classname="pageobjectstests.ContextMenuPageTest" time="0.303"/>
  <testcase name="dropDownPageTest" classname="pageobjectstests.DropDownPageTest" time="0.385"/>
  <testcase name="isFileUploadingTest" classname="pageobjectstests.FileUploadPageTest" time="0.458"/>
  <testcase name="formAuthenticationLoginTest" classname="pageobjectstests.FormAuthenticationPageTest" time="0.572">
    <failure message="expected [You logged into a secure area!&#10;Ã—] but found [You logged into a secure area!&#10;×]" type="java.lang.AssertionError">java.lang.AssertionError: 
expected [You logged into a secure area!
Ã—] but found [You logged into a secure area!
×]
	at pageobjectstests.FormAuthenticationPageTest.formAuthenticationLoginTest(FormAuthenticationPageTest.java:25)
</failure>
    <system-err><![CDATA[Jul 20, 2022 2:50:49 PM org.openqa.selenium.remote.DesiredCapabilities chrome
INFO: Using `new ChromeOptions()` is preferred to `DesiredCapabilities.chrome()`
Starting ChromeDriver 102.0.5005.61 (0e59bcc00cc4985ce39ad31c150065f159d95ad3-refs/branch-heads/5005@{#819}) on port 11143
Only local connections are allowed.
Please see https://chromedriver.chromium.org/security-considerations for suggestions on keeping ChromeDriver safe.
ChromeDriver was started successfully.
[1658343050.669][WARNING]: This version of ChromeDriver has not been tested with Chrome version 103.
Jul 20, 2022 2:50:50 PM org.openqa.selenium.remote.ProtocolHandshake createSession
INFO: Detected dialect: W3C
]]></system-err>
  </testcase>
  <testcase name="moveSliderHorizontallyTest" classname="pageobjectstests.HorizontalSliderPageTest" time="0.639"/>
  <testcase name="hoverOverProfileAndClickTest" classname="pageobjectstests.HoversPageTest" time="0.503"/>
</testsuite>